13-Sep-2025 15:20:10.200 INFO [main] org.apache.catalina.startup.VersionLoggerListener.log Server version:        Apache Tomcat/8.0.28
13-Sep-2025 15:20:10.201 INFO [main] org.apache.catalina.startup.VersionLoggerListener.log Server built:          Oct 7 2015 18:25:21 UTC
13-Sep-2025 15:20:10.202 INFO [main] org.apache.catalina.startup.VersionLoggerListener.log Server number:         8.0.28.0
13-Sep-2025 15:20:10.202 INFO [main] org.apache.catalina.startup.VersionLoggerListener.log OS Name:               Windows 7
13-Sep-2025 15:20:10.202 INFO [main] org.apache.catalina.startup.VersionLoggerListener.log OS Version:            6.1
13-Sep-2025 15:20:10.202 INFO [main] org.apache.catalina.startup.VersionLoggerListener.log Architecture:          amd64
13-Sep-2025 15:20:10.202 INFO [main] org.apache.catalina.startup.VersionLoggerListener.log Java Home:             C:\Program Files\Java\jre1.8.0_74
13-Sep-2025 15:20:10.202 INFO [main] org.apache.catalina.startup.VersionLoggerListener.log JVM Version:           1.8.0_74-b02
13-Sep-2025 15:20:10.202 INFO [main] org.apache.catalina.startup.VersionLoggerListener.log JVM Vendor:            Oracle Corporation
13-Sep-2025 15:20:10.202 INFO [main] org.apache.catalina.startup.VersionLoggerListener.log CATALINA_BASE:         C:\Program Files\Apache Software Foundation\Tomcat 8.0
13-Sep-2025 15:20:10.202 INFO [main] org.apache.catalina.startup.VersionLoggerListener.log CATALINA_HOME:         C:\Program Files\Apache Software Foundation\Tomcat 8.0
13-Sep-2025 15:20:10.202 INFO [main] org.apache.catalina.startup.VersionLoggerListener.log Command line argument: -Dcatalina.home=C:\Program Files\Apache Software Foundation\Tomcat 8.0
13-Sep-2025 15:20:10.203 INFO [main] org.apache.catalina.startup.VersionLoggerListener.log Command line argument: -Dcatalina.base=C:\Program Files\Apache Software Foundation\Tomcat 8.0
13-Sep-2025 15:20:10.203 INFO [main] org.apache.catalina.startup.VersionLoggerListener.log Command line argument: -Djava.endorsed.dirs=C:\Program Files\Apache Software Foundation\Tomcat 8.0\endorsed
13-Sep-2025 15:20:10.203 INFO [main] org.apache.catalina.startup.VersionLoggerListener.log Command line argument: -Djava.io.tmpdir=C:\Program Files\Apache Software Foundation\Tomcat 8.0\temp
13-Sep-2025 15:20:10.203 INFO [main] org.apache.catalina.startup.VersionLoggerListener.log Command line argument: -Djava.util.logging.manager=org.apache.juli.ClassLoaderLogManager
13-Sep-2025 15:20:10.203 INFO [main] org.apache.catalina.startup.VersionLoggerListener.log Command line argument: -Djava.util.logging.config.file=C:\Program Files\Apache Software Foundation\Tomcat 8.0\conf\logging.properties
13-Sep-2025 15:20:10.204 INFO [main] org.apache.catalina.startup.VersionLoggerListener.log Command line argument: exit
13-Sep-2025 15:20:10.204 INFO [main] org.apache.catalina.startup.VersionLoggerListener.log Command line argument: -Xms512m
13-Sep-2025 15:20:10.204 INFO [main] org.apache.catalina.startup.VersionLoggerListener.log Command line argument: -Xmx1500m
13-Sep-2025 15:20:10.204 INFO [main] org.apache.catalina.core.AprLifecycleListener.lifecycleEvent The APR based Apache Tomcat Native library which allows optimal performance in production environments was not found on the java.library.path: C:\Program Files\Apache Software Foundation\Tomcat 8.0\bin;C:\Windows\Sun\Java\bin;C:\Windows\system32;C:\Windows;C:\ProgramData\Oracle\Java\javapath;C:\Program Files (x86)\Intel\iCLS Client\;C:\Program Files\Intel\iCLS Client\;C:\Windows\system32;C:\Windows;C:\Windows\System32\Wbem;C:\Windows\System32\WindowsPowerShell\v1.0\;C:\Program Files (x86)\Intel\Intel(R) Management Engine Components\DAL;C:\Program Files\Intel\Intel(R) Management Engine Components\DAL;C:\Program Files (x86)\Intel\Intel(R) Management Engine Components\IPT;C:\Program Files\Intel\Intel(R) Management Engine Components\IPT;C:\Program Files (x86)\Microsoft SQL Server\100\Tools\Binn\;C:\Program Files\Microsoft SQL Server\100\Tools\Binn\;C:\Program Files\Microsoft SQL Server\100\DTS\Binn\;C:\Program Files (x86)\Microsoft SQL Server\100\Tools\Binn\VSShell\Common7\IDE\;C:\Program Files (x86)\Microsoft SQL Server\100\DTS\Binn\;C:\Program Files (x86)\WinRAR;;.
13-Sep-2025 15:20:10.339 INFO [main] org.apache.coyote.AbstractProtocol.init Initializing ProtocolHandler ["http-nio-8080"]
13-Sep-2025 15:20:10.402 INFO [main] org.apache.tomcat.util.net.NioSelectorPool.getSharedSelector Using a shared selector for servlet write/read
13-Sep-2025 15:20:10.403 INFO [main] org.apache.coyote.AbstractProtocol.init Initializing ProtocolHandler ["ajp-nio-8009"]
13-Sep-2025 15:20:10.405 INFO [main] org.apache.tomcat.util.net.NioSelectorPool.getSharedSelector Using a shared selector for servlet write/read
13-Sep-2025 15:20:10.405 INFO [main] org.apache.catalina.startup.Catalina.load Initialization processed in 514 ms
13-Sep-2025 15:20:10.420 INFO [main] org.apache.catalina.core.StandardService.startInternal Starting service Catalina
13-Sep-2025 15:20:10.420 INFO [main] org.apache.catalina.core.StandardEngine.startInternal Starting Servlet Engine: Apache Tomcat/8.0.28
13-Sep-2025 15:20:10.426 INFO [localhost-startStop-1] org.apache.catalina.startup.HostConfig.deployDirectory Deploying web application directory C:\Program Files\Apache Software Foundation\Tomcat 8.0\webapps\matab
13-Sep-2025 15:20:30.974 INFO [localhost-startStop-1] org.apache.jasper.servlet.TldScanner.scanJars At least one JAR was scanned for TLDs yet contained no TLDs. Enable debug logging for this logger for a complete list of JARs that were scanned but no TLDs were found in them. Skipping unneeded JARs during scanning can improve startup time and JSP compilation time.
13-Sep-2025 15:21:26.469 INFO [localhost-startStop-1] com.sun.jersey.api.core.PackagesResourceConfig.init Scanning for root resource and provider classes in the packages:
  com.artonis.clinic.patient.webService
13-Sep-2025 15:21:26.515 INFO [localhost-startStop-1] com.sun.jersey.api.core.ScanningResourceConfig.logClasses Root resource classes found:
  class com.artonis.clinic.patient.webService.PenVisitWebService
  class com.artonis.clinic.patient.webService.PacsXmlWebService
13-Sep-2025 15:21:26.515 INFO [localhost-startStop-1] com.sun.jersey.api.core.ScanningResourceConfig.init No provider classes found.
13-Sep-2025 15:21:26.595 INFO [localhost-startStop-1] com.sun.jersey.server.impl.application.WebApplicationImpl._initiate Initiating Jersey application, version 'Jersey: 1.8 06/24/2011 12:17 PM'
13-Sep-2025 15:21:27.954 WARNING [localhost-startStop-1] com.sun.jersey.spi.inject.Errors.processErrorMessages The following warnings have been detected with resource and/or provider classes:
  WARNING: A HTTP GET method, public javax.ws.rs.core.Response com.artonis.clinic.patient.webService.PacsXmlWebService.getXmlRule(java.io.InputStream) throws java.io.IOException, should not consume any entity.
13-Sep-2025 15:21:47.779 INFO [localhost-startStop-1] org.apache.catalina.startup.HostConfig.deployDirectory Deployment of web application directory C:\Program Files\Apache Software Foundation\Tomcat 8.0\webapps\matab has finished in 97,351 ms
13-Sep-2025 15:21:47.779 INFO [localhost-startStop-1] org.apache.catalina.startup.HostConfig.deployDirectory Deploying web application directory C:\Program Files\Apache Software Foundation\Tomcat 8.0\webapps\prjResource
13-Sep-2025 15:21:47.848 INFO [localhost-startStop-1] org.apache.catalina.startup.HostConfig.deployDirectory Deployment of web application directory C:\Program Files\Apache Software Foundation\Tomcat 8.0\webapps\prjResource has finished in 68 ms
13-Sep-2025 15:21:47.851 INFO [main] org.apache.coyote.AbstractProtocol.start Starting ProtocolHandler ["http-nio-8080"]
13-Sep-2025 15:21:47.872 INFO [main] org.apache.coyote.AbstractProtocol.start Starting ProtocolHandler ["ajp-nio-8009"]
13-Sep-2025 15:21:47.873 INFO [main] org.apache.catalina.startup.Catalina.start Server startup in 97467 ms
13-Sep-2025 23:10:47.326 INFO [Thread-4960] org.apache.coyote.AbstractProtocol.pause Pausing ProtocolHandler ["http-nio-8080"]
13-Sep-2025 23:10:47.388 INFO [Thread-4960] org.apache.coyote.AbstractProtocol.pause Pausing ProtocolHandler ["ajp-nio-8009"]
13-Sep-2025 23:10:47.450 INFO [Thread-4960] org.apache.catalina.core.StandardService.stopInternal Stopping service Catalina
13-Sep-2025 23:10:47.591 WARNING [localhost-startStop-2] org.apache.catalina.loader.WebappClassLoaderBase.clearReferencesJdbc The web application [matab] registered the JDBC driver [com.microsoft.sqlserver.jdbc.SQLServerDriver] but failed to unregister it when the web application was stopped. To prevent a memory leak, the JDBC Driver has been forcibly unregistered.
13-Sep-2025 23:10:47.606 WARNING [localhost-startStop-2] org.apache.catalina.loader.WebappClassLoaderBase.clearReferencesThreads The web application [matab] appears to have started a thread named [FileWatchdog] but has failed to stop it. This is very likely to create a memory leak. Stack trace of thread:
 java.lang.Thread.sleep(Native Method)
 org.apache.log4j.helpers.FileWatchdog.run(FileWatchdog.java:104)
13-Sep-2025 23:10:47.606 WARNING [localhost-startStop-2] org.apache.catalina.loader.WebappClassLoaderBase.clearReferencesThreads The web application [matab] appears to have started a thread named [pool-1-thread-1] but has failed to stop it. This is very likely to create a memory leak. Stack trace of thread:
 sun.misc.Unsafe.park(Native Method)
 java.util.concurrent.locks.LockSupport.parkNanos(Unknown Source)
 java.util.concurrent.locks.AbstractQueuedSynchronizer$ConditionObject.awaitNanos(Unknown Source)
 java.util.concurrent.ScheduledThreadPoolExecutor$DelayedWorkQueue.take(Unknown Source)
 java.util.concurrent.ScheduledThreadPoolExecutor$DelayedWorkQueue.take(Unknown Source)
 java.util.concurrent.ThreadPoolExecutor.getTask(Unknown Source)
 java.util.concurrent.ThreadPoolExecutor.runWorker(Unknown Source)
 java.util.concurrent.ThreadPoolExecutor$Worker.run(Unknown Source)
 java.lang.Thread.run(Unknown Source)
13-Sep-2025 23:10:47.606 WARNING [localhost-startStop-2] org.apache.catalina.loader.WebappClassLoaderBase.clearReferencesThreads The web application [matab] appears to have started a thread named [pool-2-thread-1] but has failed to stop it. This is very likely to create a memory leak. Stack trace of thread:
 sun.misc.Unsafe.park(Native Method)
 java.util.concurrent.locks.LockSupport.parkNanos(Unknown Source)
 java.util.concurrent.locks.AbstractQueuedSynchronizer$ConditionObject.awaitNanos(Unknown Source)
 java.util.concurrent.ScheduledThreadPoolExecutor$DelayedWorkQueue.take(Unknown Source)
 java.util.concurrent.ScheduledThreadPoolExecutor$DelayedWorkQueue.take(Unknown Source)
 java.util.concurrent.ThreadPoolExecutor.getTask(Unknown Source)
 java.util.concurrent.ThreadPoolExecutor.runWorker(Unknown Source)
 java.util.concurrent.ThreadPoolExecutor$Worker.run(Unknown Source)
 java.lang.Thread.run(Unknown Source)
13-Sep-2025 23:10:47.606 WARNING [localhost-startStop-2] org.apache.catalina.loader.WebappClassLoaderBase.clearReferencesThreads The web application [matab] appears to have started a thread named [Timer-0] but has failed to stop it. This is very likely to create a memory leak. Stack trace of thread:
 java.lang.Object.wait(Native Method)
 java.util.TimerThread.mainLoop(Unknown Source)
 java.util.TimerThread.run(Unknown Source)
13-Sep-2025 23:10:47.606 WARNING [localhost-startStop-2] org.apache.catalina.loader.WebappClassLoaderBase.clearReferencesThreads The web application [matab] appears to have started a thread named [NioSocketAcceptor-1] but has failed to stop it. This is very likely to create a memory leak. Stack trace of thread:
 sun.nio.ch.WindowsSelectorImpl$SubSelector.poll0(Native Method)
 sun.nio.ch.WindowsSelectorImpl$SubSelector.poll(Unknown Source)
 sun.nio.ch.WindowsSelectorImpl$SubSelector.access$400(Unknown Source)
 sun.nio.ch.WindowsSelectorImpl.doSelect(Unknown Source)
 sun.nio.ch.SelectorImpl.lockAndDoSelect(Unknown Source)
 sun.nio.ch.SelectorImpl.select(Unknown Source)
 sun.nio.ch.SelectorImpl.select(Unknown Source)
 org.apache.mina.transport.socket.nio.NioSocketAcceptor.select(NioSocketAcceptor.java:283)
 org.apache.mina.core.polling.AbstractPollingIoAcceptor$Acceptor.run(AbstractPollingIoAcceptor.java:395)
 org.apache.mina.util.NamePreservingRunnable.run(NamePreservingRunnable.java:65)
 java.util.concurrent.ThreadPoolExecutor.runWorker(Unknown Source)
 java.util.concurrent.ThreadPoolExecutor$Worker.run(Unknown Source)
 java.lang.Thread.run(Unknown Source)
13-Sep-2025 23:10:47.606 SEVERE [localhost-startStop-2] org.apache.catalina.loader.WebappClassLoaderBase.checkThreadLocalMapForLeaks The web application [matab] created a ThreadLocal with key of type [com.microsoft.sqlserver.jdbc.ActivityCorrelator$1] (value [com.microsoft.sqlserver.jdbc.ActivityCorrelator$1@ca8446e]) and a value of type [com.microsoft.sqlserver.jdbc.ActivityId] (value [ea6e9e37-aee1-4a67-b622-f85025ea0ee5-117]) but failed to remove it when the web application was stopped. Threads are going to be renewed over time to try and avoid a probable memory leak.
13-Sep-2025 23:10:47.606 SEVERE [localhost-startStop-2] org.apache.catalina.loader.WebappClassLoaderBase.checkThreadLocalMapForLeaks The web application [matab] created a ThreadLocal with key of type [com.microsoft.sqlserver.jdbc.ActivityCorrelator$1] (value [com.microsoft.sqlserver.jdbc.ActivityCorrelator$1@ca8446e]) and a value of type [com.microsoft.sqlserver.jdbc.ActivityId] (value [6ff97907-66c4-462d-9822-52e3cf07b45e-466]) but failed to remove it when the web application was stopped. Threads are going to be renewed over time to try and avoid a probable memory leak.
13-Sep-2025 23:10:47.606 SEVERE [localhost-startStop-2] org.apache.catalina.loader.WebappClassLoaderBase.checkThreadLocalMapForLeaks The web application [matab] created a ThreadLocal with key of type [com.microsoft.sqlserver.jdbc.ActivityCorrelator$1] (value [com.microsoft.sqlserver.jdbc.ActivityCorrelator$1@ca8446e]) and a value of type [com.microsoft.sqlserver.jdbc.ActivityId] (value [eba5a0bd-aba5-4a04-acc8-93fc82e2089e-31]) but failed to remove it when the web application was stopped. Threads are going to be renewed over time to try and avoid a probable memory leak.
13-Sep-2025 23:10:47.606 SEVERE [localhost-startStop-2] org.apache.catalina.loader.WebappClassLoaderBase.checkThreadLocalMapForLeaks The web application [matab] created a ThreadLocal with key of type [com.microsoft.sqlserver.jdbc.ActivityCorrelator$1] (value [com.microsoft.sqlserver.jdbc.ActivityCorrelator$1@ca8446e]) and a value of type [com.microsoft.sqlserver.jdbc.ActivityId] (value [7a7a3d86-73c3-474d-add8-c6be01c81d93-1610]) but failed to remove it when the web application was stopped. Threads are going to be renewed over time to try and avoid a probable memory leak.
13-Sep-2025 23:10:47.606 SEVERE [localhost-startStop-2] org.apache.catalina.loader.WebappClassLoaderBase.checkThreadLocalMapForLeaks The web application [matab] created a ThreadLocal with key of type [com.microsoft.sqlserver.jdbc.ActivityCorrelator$1] (value [com.microsoft.sqlserver.jdbc.ActivityCorrelator$1@ca8446e]) and a value of type [com.microsoft.sqlserver.jdbc.ActivityId] (value [6b9f76a5-490c-4679-9183-3258941cb49e-1821]) but failed to remove it when the web application was stopped. Threads are going to be renewed over time to try and avoid a probable memory leak.
13-Sep-2025 23:10:47.606 SEVERE [localhost-startStop-2] org.apache.catalina.loader.WebappClassLoaderBase.checkThreadLocalMapForLeaks The web application [matab] created a ThreadLocal with key of type [com.microsoft.sqlserver.jdbc.ActivityCorrelator$1] (value [com.microsoft.sqlserver.jdbc.ActivityCorrelator$1@ca8446e]) and a value of type [com.microsoft.sqlserver.jdbc.ActivityId] (value [9306e611-a649-455f-8cca-1bf2e4b3f22f-1727]) but failed to remove it when the web application was stopped. Threads are going to be renewed over time to try and avoid a probable memory leak.
13-Sep-2025 23:10:47.606 SEVERE [localhost-startStop-2] org.apache.catalina.loader.WebappClassLoaderBase.checkThreadLocalMapForLeaks The web application [matab] created a ThreadLocal with key of type [com.microsoft.sqlserver.jdbc.ActivityCorrelator$1] (value [com.microsoft.sqlserver.jdbc.ActivityCorrelator$1@ca8446e]) and a value of type [com.microsoft.sqlserver.jdbc.ActivityId] (value [6d47eacb-212f-4e12-8e5f-5cc889c7467f-1577]) but failed to remove it when the web application was stopped. Threads are going to be renewed over time to try and avoid a probable memory leak.
13-Sep-2025 23:10:47.606 SEVERE [localhost-startStop-2] org.apache.catalina.loader.WebappClassLoaderBase.checkThreadLocalMapForLeaks The web application [matab] created a ThreadLocal with key of type [com.microsoft.sqlserver.jdbc.ActivityCorrelator$1] (value [com.microsoft.sqlserver.jdbc.ActivityCorrelator$1@ca8446e]) and a value of type [com.microsoft.sqlserver.jdbc.ActivityId] (value [8bbaa8aa-a985-43a7-ba90-f4a31fea1ffd-1523]) but failed to remove it when the web application was stopped. Threads are going to be renewed over time to try and avoid a probable memory leak.
13-Sep-2025 23:10:47.606 SEVERE [localhost-startStop-2] org.apache.catalina.loader.WebappClassLoaderBase.checkThreadLocalMapForLeaks The web application [matab] created a ThreadLocal with key of type [com.microsoft.sqlserver.jdbc.ActivityCorrelator$1] (value [com.microsoft.sqlserver.jdbc.ActivityCorrelator$1@ca8446e]) and a value of type [com.microsoft.sqlserver.jdbc.ActivityId] (value [3af246d0-7a2e-4114-96b5-2a5d48a9735a-1513]) but failed to remove it when the web application was stopped. Threads are going to be renewed over time to try and avoid a probable memory leak.
13-Sep-2025 23:10:47.606 SEVERE [localhost-startStop-2] org.apache.catalina.loader.WebappClassLoaderBase.checkThreadLocalMapForLeaks The web application [matab] created a ThreadLocal with key of type [com.microsoft.sqlserver.jdbc.ActivityCorrelator$1] (value [com.microsoft.sqlserver.jdbc.ActivityCorrelator$1@ca8446e]) and a value of type [com.microsoft.sqlserver.jdbc.ActivityId] (value [d69a6924-c692-47ad-a452-e19cf49f0fab-1339]) but failed to remove it when the web application was stopped. Threads are going to be renewed over time to try and avoid a probable memory leak.
13-Sep-2025 23:10:47.606 SEVERE [localhost-startStop-2] org.apache.catalina.loader.WebappClassLoaderBase.checkThreadLocalMapForLeaks The web application [matab] created a ThreadLocal with key of type [com.microsoft.sqlserver.jdbc.ActivityCorrelator$1] (value [com.microsoft.sqlserver.jdbc.ActivityCorrelator$1@ca8446e]) and a value of type [com.microsoft.sqlserver.jdbc.ActivityId] (value [9146f2b2-f4e9-4de8-a888-8e8fe2358f92-1752]) but failed to remove it when the web application was stopped. Threads are going to be renewed over time to try and avoid a probable memory leak.
13-Sep-2025 23:10:47.606 SEVERE [localhost-startStop-2] org.apache.catalina.loader.WebappClassLoaderBase.checkThreadLocalMapForLeaks The web application [matab] created a ThreadLocal with key of type [com.microsoft.sqlserver.jdbc.ActivityCorrelator$1] (value [com.microsoft.sqlserver.jdbc.ActivityCorrelator$1@ca8446e]) and a value of type [com.microsoft.sqlserver.jdbc.ActivityId] (value [d250b9ad-5e08-4139-80e6-39a6dd38ce2c-1479]) but failed to remove it when the web application was stopped. Threads are going to be renewed over time to try and avoid a probable memory leak.
13-Sep-2025 23:10:47.606 SEVERE [localhost-startStop-2] org.apache.catalina.loader.WebappClassLoaderBase.checkThreadLocalMapForLeaks The web application [matab] created a ThreadLocal with key of type [com.microsoft.sqlserver.jdbc.ActivityCorrelator$1] (value [com.microsoft.sqlserver.jdbc.ActivityCorrelator$1@ca8446e]) and a value of type [com.microsoft.sqlserver.jdbc.ActivityId] (value [2bad4d34-5d54-4f7c-bac5-a0a9973ba213-1520]) but failed to remove it when the web application was stopped. Threads are going to be renewed over time to try and avoid a probable memory leak.
13-Sep-2025 23:10:47.653 INFO [Thread-4960] org.apache.coyote.AbstractProtocol.stop Stopping ProtocolHandler ["http-nio-8080"]
13-Sep-2025 23:10:47.653 INFO [Thread-4960] org.apache.coyote.AbstractProtocol.stop Stopping ProtocolHandler ["ajp-nio-8009"]
